
ROM used:   902/4096 (22%)
            902/4096 (22%) including unused fragments

            0.9 Average locations per line
            37.6 Average locations per statement

RAM used:   71/383 (19%) at main() level
            105/383 (27%) worst case

Stack used: 2 worst case (2 in main + 0 for interrupts)
Stack size: 16

Lines Stmts  %   Files
----- ----- ---  -----
   78    24 100  pruebaCom.c
  965     0   0  C:\Program Files (x86)\PICC\Devices\16f1827.h
----- -----
 1043    24 Total

Page ROM  %  RAM    Vol Diff  Functions:
---- --- --- ---    --- ----  ----------
0     23   3    1             @delay_ms1
0     37   4    1             @PUTCHAR_1_
0    138  15   14    699  6.2  main
0    404  45   16    676  6.1  transmitirDatos
0     30   3    0             @const756
0     84   9    6             @PSTRINGCN7_721
 Inline         3             @PSTRINGR_721
0     23   3    3             @DIV88
0    105  12    9             @PRINTF_D_721
0     27   3    0             @const770
0     28   3    0             @const771
 Inline         0             @cinit1

Program metrics:
    Functions               2
    Statements              24
    Comments                164
    Volume (V)              1622
    Difficulty (D)          11.3
    Effort to implement (E) 18322
    Time to implement (T)   17 minutes
    Est Delivered Bugs (B)  0
    Cyclomatic Complexity   3
    Maintainability (MI)    145

 Segment     Used  Free
-----------  ----  ----
00000-00002     3  0  
00003-007FF   899  1146  
00800-00FFF     0  2048  



